
*** Running vivado
    with args -log dds_lut_25x16.vds -m64 -product Vivado -mode batch -messageDb vivado.pb -notrace -source dds_lut_25x16.tcl



****** Vivado v2021.2 (64-bit)
  **** SW Build 3367213 on Tue Oct 19 02:48:09 MDT 2021
  **** IP Build 3369179 on Thu Oct 21 08:25:16 MDT 2021
    ** Copyright 1986-2021 Xilinx, Inc. All Rights Reserved.

source dds_lut_25x16.tcl -notrace
Command: synth_design -top dds_lut_25x16 -part xc7z010clg400-1 -mode out_of_context
Starting synth_design
Attempting to get a license for feature 'Synthesis' and/or device 'xc7z010'
INFO: [Common 17-349] Got license for feature 'Synthesis' and/or device 'xc7z010'
INFO: [Device 21-403] Loading part xc7z010clg400-1
INFO: [Synth 8-7079] Multithreading enabled for synth_design using a maximum of 2 processes.
INFO: [Synth 8-7078] Launching helper process for spawning children vivado processes
INFO: [Synth 8-7075] Helper process launched with PID 9540
---------------------------------------------------------------------------------
Starting RTL Elaboration : Time (s): cpu = 00:00:07 ; elapsed = 00:00:07 . Memory (MB): peak = 1260.766 ; gain = 0.000
---------------------------------------------------------------------------------
INFO: [Synth 8-638] synthesizing module 'dds_lut_25x16' [c:/dev/FPGA/PQM_gen/dds_lut_25x16/synth/dds_lut_25x16.vhd:70]
WARNING: [Synth 8-5640] Port 'debug_axi_pinc_in' is missing in component declaration [c:/dev/FPGA/PQM_gen/dds_lut_25x16/synth/dds_lut_25x16.vhd:73]
WARNING: [Synth 8-5640] Port 'debug_axi_poff_in' is missing in component declaration [c:/dev/FPGA/PQM_gen/dds_lut_25x16/synth/dds_lut_25x16.vhd:73]
WARNING: [Synth 8-5640] Port 'debug_axi_resync_in' is missing in component declaration [c:/dev/FPGA/PQM_gen/dds_lut_25x16/synth/dds_lut_25x16.vhd:73]
WARNING: [Synth 8-5640] Port 'debug_axi_chan_in' is missing in component declaration [c:/dev/FPGA/PQM_gen/dds_lut_25x16/synth/dds_lut_25x16.vhd:73]
WARNING: [Synth 8-5640] Port 'debug_core_nd' is missing in component declaration [c:/dev/FPGA/PQM_gen/dds_lut_25x16/synth/dds_lut_25x16.vhd:73]
WARNING: [Synth 8-5640] Port 'debug_phase' is missing in component declaration [c:/dev/FPGA/PQM_gen/dds_lut_25x16/synth/dds_lut_25x16.vhd:73]
WARNING: [Synth 8-5640] Port 'debug_phase_nd' is missing in component declaration [c:/dev/FPGA/PQM_gen/dds_lut_25x16/synth/dds_lut_25x16.vhd:73]
	Parameter C_XDEVICEFAMILY bound to: zynq - type: string 
	Parameter C_MODE_OF_OPERATION bound to: 0 - type: integer 
	Parameter C_MODULUS bound to: 9 - type: integer 
	Parameter C_ACCUMULATOR_WIDTH bound to: 25 - type: integer 
	Parameter C_CHANNELS bound to: 1 - type: integer 
	Parameter C_HAS_PHASE_OUT bound to: 0 - type: integer 
	Parameter C_HAS_PHASEGEN bound to: 0 - type: integer 
	Parameter C_HAS_SINCOS bound to: 1 - type: integer 
	Parameter C_LATENCY bound to: 7 - type: integer 
	Parameter C_MEM_TYPE bound to: 1 - type: integer 
	Parameter C_NEGATIVE_COSINE bound to: 0 - type: integer 
	Parameter C_NEGATIVE_SINE bound to: 0 - type: integer 
	Parameter C_NOISE_SHAPING bound to: 2 - type: integer 
	Parameter C_OUTPUTS_REQUIRED bound to: 2 - type: integer 
	Parameter C_OUTPUT_FORM bound to: 0 - type: integer 
	Parameter C_OUTPUT_WIDTH bound to: 16 - type: integer 
	Parameter C_PHASE_ANGLE_WIDTH bound to: 11 - type: integer 
	Parameter C_PHASE_INCREMENT bound to: 2 - type: integer 
	Parameter C_PHASE_INCREMENT_VALUE bound to: 0,0,0,0,0,0,0,0,0,0,0,0,0,0,0,0 - type: string 
	Parameter C_RESYNC bound to: 0 - type: integer 
	Parameter C_PHASE_OFFSET bound to: 0 - type: integer 
	Parameter C_PHASE_OFFSET_VALUE bound to: 0,0,0,0,0,0,0,0,0,0,0,0,0,0,0,0 - type: string 
	Parameter C_OPTIMISE_GOAL bound to: 1 - type: integer 
	Parameter C_USE_DSP48 bound to: 0 - type: integer 
	Parameter C_POR_MODE bound to: 0 - type: integer 
	Parameter C_AMPLITUDE bound to: 0 - type: integer 
	Parameter C_HAS_ACLKEN bound to: 0 - type: integer 
	Parameter C_HAS_ARESETN bound to: 1 - type: integer 
	Parameter C_HAS_TLAST bound to: 0 - type: integer 
	Parameter C_HAS_TREADY bound to: 0 - type: integer 
	Parameter C_HAS_S_PHASE bound to: 1 - type: integer 
	Parameter C_S_PHASE_TDATA_WIDTH bound to: 32 - type: integer 
	Parameter C_S_PHASE_HAS_TUSER bound to: 0 - type: integer 
	Parameter C_S_PHASE_TUSER_WIDTH bound to: 1 - type: integer 
	Parameter C_HAS_S_CONFIG bound to: 0 - type: integer 
	Parameter C_S_CONFIG_SYNC_MODE bound to: 0 - type: integer 
	Parameter C_S_CONFIG_TDATA_WIDTH bound to: 1 - type: integer 
	Parameter C_HAS_M_DATA bound to: 1 - type: integer 
	Parameter C_M_DATA_TDATA_WIDTH bound to: 32 - type: integer 
	Parameter C_M_DATA_HAS_TUSER bound to: 0 - type: integer 
	Parameter C_M_DATA_TUSER_WIDTH bound to: 1 - type: integer 
	Parameter C_HAS_M_PHASE bound to: 0 - type: integer 
	Parameter C_M_PHASE_TDATA_WIDTH bound to: 1 - type: integer 
	Parameter C_M_PHASE_HAS_TUSER bound to: 0 - type: integer 
	Parameter C_M_PHASE_TUSER_WIDTH bound to: 1 - type: integer 
	Parameter C_DEBUG_INTERFACE bound to: 0 - type: integer 
	Parameter C_CHAN_WIDTH bound to: 1 - type: integer 
INFO: [Synth 8-3491] module 'dds_compiler_v6_0_21' declared at 'c:/dev/FPGA/PQM_gen/dds_lut_25x16/hdl/dds_compiler_v6_0_vh_rfs.vhd:47308' bound to instance 'U0' of component 'dds_compiler_v6_0_21' [c:/dev/FPGA/PQM_gen/dds_lut_25x16/synth/dds_lut_25x16.vhd:177]
INFO: [Synth 8-256] done synthesizing module 'dds_lut_25x16' (11#1) [c:/dev/FPGA/PQM_gen/dds_lut_25x16/synth/dds_lut_25x16.vhd:70]
WARNING: [Synth 8-7129] Port CLK in module xbip_pipe_v3_0_6_viv__parameterized14 is either unconnected or has no load
WARNING: [Synth 8-7129] Port CE in module xbip_pipe_v3_0_6_viv__parameterized14 is either unconnected or has no load
WARNING: [Synth 8-7129] Port SCLR in module xbip_pipe_v3_0_6_viv__parameterized14 is either unconnected or has no load
WARNING: [Synth 8-7129] Port SSET in module xbip_pipe_v3_0_6_viv__parameterized14 is either unconnected or has no load
WARNING: [Synth 8-7129] Port SINIT in module xbip_pipe_v3_0_6_viv__parameterized14 is either unconnected or has no load
WARNING: [Synth 8-7129] Port CLK in module xbip_pipe_v3_0_6_viv__parameterized8 is either unconnected or has no load
WARNING: [Synth 8-7129] Port CE in module xbip_pipe_v3_0_6_viv__parameterized8 is either unconnected or has no load
WARNING: [Synth 8-7129] Port SCLR in module xbip_pipe_v3_0_6_viv__parameterized8 is either unconnected or has no load
WARNING: [Synth 8-7129] Port SSET in module xbip_pipe_v3_0_6_viv__parameterized8 is either unconnected or has no load
WARNING: [Synth 8-7129] Port SINIT in module xbip_pipe_v3_0_6_viv__parameterized8 is either unconnected or has no load
WARNING: [Synth 8-7129] Port CEA1 in module xbip_dsp48e1_wrapper_v3_0 is either unconnected or has no load
WARNING: [Synth 8-7129] Port CEA2 in module xbip_dsp48e1_wrapper_v3_0 is either unconnected or has no load
WARNING: [Synth 8-7129] Port CEB1 in module xbip_dsp48e1_wrapper_v3_0 is either unconnected or has no load
WARNING: [Synth 8-7129] Port CEB2 in module xbip_dsp48e1_wrapper_v3_0 is either unconnected or has no load
WARNING: [Synth 8-7129] Port CEAD in module xbip_dsp48e1_wrapper_v3_0 is either unconnected or has no load
WARNING: [Synth 8-7129] Port CED in module xbip_dsp48e1_wrapper_v3_0 is either unconnected or has no load
WARNING: [Synth 8-7129] Port CEC in module xbip_dsp48e1_wrapper_v3_0 is either unconnected or has no load
WARNING: [Synth 8-7129] Port CECARRYIN in module xbip_dsp48e1_wrapper_v3_0 is either unconnected or has no load
WARNING: [Synth 8-7129] Port CECTRL in module xbip_dsp48e1_wrapper_v3_0 is either unconnected or has no load
WARNING: [Synth 8-7129] Port CEALUMODE in module xbip_dsp48e1_wrapper_v3_0 is either unconnected or has no load
WARNING: [Synth 8-7129] Port CEINMODE in module xbip_dsp48e1_wrapper_v3_0 is either unconnected or has no load
WARNING: [Synth 8-7129] Port CEM in module xbip_dsp48e1_wrapper_v3_0 is either unconnected or has no load
WARNING: [Synth 8-7129] Port CEP in module xbip_dsp48e1_wrapper_v3_0 is either unconnected or has no load
WARNING: [Synth 8-7129] Port SCLRA in module xbip_dsp48e1_wrapper_v3_0 is either unconnected or has no load
WARNING: [Synth 8-7129] Port SCLRB in module xbip_dsp48e1_wrapper_v3_0 is either unconnected or has no load
WARNING: [Synth 8-7129] Port SCLRC in module xbip_dsp48e1_wrapper_v3_0 is either unconnected or has no load
WARNING: [Synth 8-7129] Port SCLRD in module xbip_dsp48e1_wrapper_v3_0 is either unconnected or has no load
WARNING: [Synth 8-7129] Port SCLRALLCARRYIN in module xbip_dsp48e1_wrapper_v3_0 is either unconnected or has no load
WARNING: [Synth 8-7129] Port SCLRCTRL in module xbip_dsp48e1_wrapper_v3_0 is either unconnected or has no load
WARNING: [Synth 8-7129] Port SCLRALUMODE in module xbip_dsp48e1_wrapper_v3_0 is either unconnected or has no load
WARNING: [Synth 8-7129] Port SCLRINMODE in module xbip_dsp48e1_wrapper_v3_0 is either unconnected or has no load
WARNING: [Synth 8-7129] Port SCLRM in module xbip_dsp48e1_wrapper_v3_0 is either unconnected or has no load
WARNING: [Synth 8-7129] Port SCLRP in module xbip_dsp48e1_wrapper_v3_0 is either unconnected or has no load
WARNING: [Synth 8-7129] Port CARRYOUT in module xbip_dsp48_multadd_synth is either unconnected or has no load
WARNING: [Synth 8-7129] Port SCLR in module xbip_pipe_v3_0_6_viv__parameterized12 is either unconnected or has no load
WARNING: [Synth 8-7129] Port SSET in module xbip_pipe_v3_0_6_viv__parameterized12 is either unconnected or has no load
WARNING: [Synth 8-7129] Port SINIT in module xbip_pipe_v3_0_6_viv__parameterized12 is either unconnected or has no load
WARNING: [Synth 8-7129] Port SCLR in module xbip_pipe_v3_0_6_viv__parameterized10 is either unconnected or has no load
WARNING: [Synth 8-7129] Port SSET in module xbip_pipe_v3_0_6_viv__parameterized10 is either unconnected or has no load
WARNING: [Synth 8-7129] Port SINIT in module xbip_pipe_v3_0_6_viv__parameterized10 is either unconnected or has no load
WARNING: [Synth 8-7129] Port mute_i in module dds_compiler_v6_0_21_eff is either unconnected or has no load
WARNING: [Synth 8-7129] Port acc_phase_to_lut[24] in module dds_compiler_v6_0_21_eff is either unconnected or has no load
WARNING: [Synth 8-7129] Port acc_phase_to_lut[23] in module dds_compiler_v6_0_21_eff is either unconnected or has no load
WARNING: [Synth 8-7129] Port acc_phase_to_lut[22] in module dds_compiler_v6_0_21_eff is either unconnected or has no load
WARNING: [Synth 8-7129] Port acc_phase_to_lut[21] in module dds_compiler_v6_0_21_eff is either unconnected or has no load
WARNING: [Synth 8-7129] Port acc_phase_to_lut[20] in module dds_compiler_v6_0_21_eff is either unconnected or has no load
WARNING: [Synth 8-7129] Port acc_phase_to_lut[19] in module dds_compiler_v6_0_21_eff is either unconnected or has no load
WARNING: [Synth 8-7129] Port acc_phase_to_lut[18] in module dds_compiler_v6_0_21_eff is either unconnected or has no load
WARNING: [Synth 8-7129] Port acc_phase_to_lut[17] in module dds_compiler_v6_0_21_eff is either unconnected or has no load
WARNING: [Synth 8-7129] Port acc_phase_to_lut[16] in module dds_compiler_v6_0_21_eff is either unconnected or has no load
WARNING: [Synth 8-7129] Port acc_phase_to_lut[15] in module dds_compiler_v6_0_21_eff is either unconnected or has no load
WARNING: [Synth 8-7129] Port acc_phase_to_lut[14] in module dds_compiler_v6_0_21_eff is either unconnected or has no load
WARNING: [Synth 8-7129] Port SCLR in module xbip_pipe_v3_0_6_viv__parameterized6 is either unconnected or has no load
WARNING: [Synth 8-7129] Port SSET in module xbip_pipe_v3_0_6_viv__parameterized6 is either unconnected or has no load
WARNING: [Synth 8-7129] Port SINIT in module xbip_pipe_v3_0_6_viv__parameterized6 is either unconnected or has no load
WARNING: [Synth 8-7129] Port SCLR in module xbip_pipe_v3_0_6_viv__parameterized4 is either unconnected or has no load
WARNING: [Synth 8-7129] Port SSET in module xbip_pipe_v3_0_6_viv__parameterized4 is either unconnected or has no load
WARNING: [Synth 8-7129] Port SINIT in module xbip_pipe_v3_0_6_viv__parameterized4 is either unconnected or has no load
WARNING: [Synth 8-7129] Port SCLR in module sin_cos is either unconnected or has no load
WARNING: [Synth 8-7129] Port SSET in module xbip_pipe_v3_0_6_viv__parameterized2 is either unconnected or has no load
WARNING: [Synth 8-7129] Port SINIT in module xbip_pipe_v3_0_6_viv__parameterized2 is either unconnected or has no load
WARNING: [Synth 8-7129] Port RFD in module dds_compiler_v6_0_21_core is either unconnected or has no load
WARNING: [Synth 8-7129] Port ADDR[0] in module dds_compiler_v6_0_21_core is either unconnected or has no load
WARNING: [Synth 8-7129] Port REG_SELECT in module dds_compiler_v6_0_21_core is either unconnected or has no load
WARNING: [Synth 8-7129] Port WE in module dds_compiler_v6_0_21_core is either unconnected or has no load
WARNING: [Synth 8-7129] Port DATA[24] in module dds_compiler_v6_0_21_core is either unconnected or has no load
WARNING: [Synth 8-7129] Port DATA[23] in module dds_compiler_v6_0_21_core is either unconnected or has no load
WARNING: [Synth 8-7129] Port DATA[22] in module dds_compiler_v6_0_21_core is either unconnected or has no load
WARNING: [Synth 8-7129] Port DATA[21] in module dds_compiler_v6_0_21_core is either unconnected or has no load
WARNING: [Synth 8-7129] Port DATA[20] in module dds_compiler_v6_0_21_core is either unconnected or has no load
WARNING: [Synth 8-7129] Port DATA[19] in module dds_compiler_v6_0_21_core is either unconnected or has no load
WARNING: [Synth 8-7129] Port DATA[18] in module dds_compiler_v6_0_21_core is either unconnected or has no load
WARNING: [Synth 8-7129] Port DATA[17] in module dds_compiler_v6_0_21_core is either unconnected or has no load
WARNING: [Synth 8-7129] Port DATA[16] in module dds_compiler_v6_0_21_core is either unconnected or has no load
WARNING: [Synth 8-7129] Port DATA[15] in module dds_compiler_v6_0_21_core is either unconnected or has no load
WARNING: [Synth 8-7129] Port DATA[14] in module dds_compiler_v6_0_21_core is either unconnected or has no load
WARNING: [Synth 8-7129] Port DATA[13] in module dds_compiler_v6_0_21_core is either unconnected or has no load
WARNING: [Synth 8-7129] Port DATA[12] in module dds_compiler_v6_0_21_core is either unconnected or has no load
WARNING: [Synth 8-7129] Port DATA[11] in module dds_compiler_v6_0_21_core is either unconnected or has no load
WARNING: [Synth 8-7129] Port DATA[10] in module dds_compiler_v6_0_21_core is either unconnected or has no load
WARNING: [Synth 8-7129] Port DATA[9] in module dds_compiler_v6_0_21_core is either unconnected or has no load
WARNING: [Synth 8-7129] Port DATA[8] in module dds_compiler_v6_0_21_core is either unconnected or has no load
WARNING: [Synth 8-7129] Port DATA[7] in module dds_compiler_v6_0_21_core is either unconnected or has no load
WARNING: [Synth 8-7129] Port DATA[6] in module dds_compiler_v6_0_21_core is either unconnected or has no load
WARNING: [Synth 8-7129] Port DATA[5] in module dds_compiler_v6_0_21_core is either unconnected or has no load
WARNING: [Synth 8-7129] Port DATA[4] in module dds_compiler_v6_0_21_core is either unconnected or has no load
WARNING: [Synth 8-7129] Port DATA[3] in module dds_compiler_v6_0_21_core is either unconnected or has no load
WARNING: [Synth 8-7129] Port DATA[2] in module dds_compiler_v6_0_21_core is either unconnected or has no load
WARNING: [Synth 8-7129] Port DATA[1] in module dds_compiler_v6_0_21_core is either unconnected or has no load
WARNING: [Synth 8-7129] Port DATA[0] in module dds_compiler_v6_0_21_core is either unconnected or has no load
WARNING: [Synth 8-7129] Port PINC_IN[24] in module dds_compiler_v6_0_21_core is either unconnected or has no load
WARNING: [Synth 8-7129] Port PINC_IN[23] in module dds_compiler_v6_0_21_core is either unconnected or has no load
WARNING: [Synth 8-7129] Port PINC_IN[22] in module dds_compiler_v6_0_21_core is either unconnected or has no load
WARNING: [Synth 8-7129] Port PINC_IN[21] in module dds_compiler_v6_0_21_core is either unconnected or has no load
WARNING: [Synth 8-7129] Port PINC_IN[20] in module dds_compiler_v6_0_21_core is either unconnected or has no load
WARNING: [Synth 8-7129] Port PINC_IN[19] in module dds_compiler_v6_0_21_core is either unconnected or has no load
WARNING: [Synth 8-7129] Port PINC_IN[18] in module dds_compiler_v6_0_21_core is either unconnected or has no load
WARNING: [Synth 8-7129] Port PINC_IN[17] in module dds_compiler_v6_0_21_core is either unconnected or has no load
WARNING: [Synth 8-7129] Port PINC_IN[16] in module dds_compiler_v6_0_21_core is either unconnected or has no load
WARNING: [Synth 8-7129] Port PINC_IN[15] in module dds_compiler_v6_0_21_core is either unconnected or has no load
INFO: [Common 17-14] Message 'Synth 8-7129' appears 100 times and further instances of the messages will be disabled. Use the Tcl command set_msg_config to change the current settings.
---------------------------------------------------------------------------------
Finished RTL Elaboration : Time (s): cpu = 00:00:11 ; elapsed = 00:00:12 . Memory (MB): peak = 1260.766 ; gain = 0.000
---------------------------------------------------------------------------------
---------------------------------------------------------------------------------
Start Handling Custom Attributes
---------------------------------------------------------------------------------
---------------------------------------------------------------------------------
Finished Handling Custom Attributes : Time (s): cpu = 00:00:12 ; elapsed = 00:00:12 . Memory (MB): peak = 1260.766 ; gain = 0.000
---------------------------------------------------------------------------------
---------------------------------------------------------------------------------
Finished RTL Optimization Phase 1 : Time (s): cpu = 00:00:12 ; elapsed = 00:00:12 . Memory (MB): peak = 1260.766 ; gain = 0.000
---------------------------------------------------------------------------------
Netlist sorting complete. Time (s): cpu = 00:00:00 ; elapsed = 00:00:00.029 . Memory (MB): peak = 1260.766 ; gain = 0.000
INFO: [Netlist 29-17] Analyzing 3 Unisim elements for replacement
INFO: [Netlist 29-28] Unisim Transformation completed in 0 CPU seconds
INFO: [Project 1-570] Preparing netlist for logic optimization

Processing XDC Constraints
Initializing timing engine
Parsing XDC File [c:/dev/FPGA/PQM_gen/dds_lut_25x16/dds_lut_25x16_ooc.xdc] for cell 'U0'
Finished Parsing XDC File [c:/dev/FPGA/PQM_gen/dds_lut_25x16/dds_lut_25x16_ooc.xdc] for cell 'U0'
Parsing XDC File [C:/dev/FPGA/PQM_gen/PQM_CORE.runs/dds_lut_25x16_synth_1/dont_touch.xdc]
Finished Parsing XDC File [C:/dev/FPGA/PQM_gen/PQM_CORE.runs/dds_lut_25x16_synth_1/dont_touch.xdc]
Completed Processing XDC Constraints

Netlist sorting complete. Time (s): cpu = 00:00:00 ; elapsed = 00:00:00 . Memory (MB): peak = 1260.766 ; gain = 0.000
INFO: [Project 1-111] Unisim Transformation Summary:
No Unisim elements were transformed.

Constraint Validation Runtime : Time (s): cpu = 00:00:00 ; elapsed = 00:00:00.035 . Memory (MB): peak = 1260.766 ; gain = 0.000
---------------------------------------------------------------------------------
Finished Constraint Validation : Time (s): cpu = 00:00:19 ; elapsed = 00:00:20 . Memory (MB): peak = 1260.766 ; gain = 0.000
---------------------------------------------------------------------------------
---------------------------------------------------------------------------------
Start Loading Part and Timing Information
---------------------------------------------------------------------------------
Loading part: xc7z010clg400-1
---------------------------------------------------------------------------------
Finished Loading Part and Timing Information : Time (s): cpu = 00:00:19 ; elapsed = 00:00:20 . Memory (MB): peak = 1260.766 ; gain = 0.000
---------------------------------------------------------------------------------
---------------------------------------------------------------------------------
Start Applying 'set_property' XDC Constraints
---------------------------------------------------------------------------------
Applied set_property KEEP_HIERARCHY = SOFT for U0. (constraint file  C:/dev/FPGA/PQM_gen/PQM_CORE.runs/dds_lut_25x16_synth_1/dont_touch.xdc, line 9).
---------------------------------------------------------------------------------
Finished applying 'set_property' XDC Constraints : Time (s): cpu = 00:00:19 ; elapsed = 00:00:20 . Memory (MB): peak = 1260.766 ; gain = 0.000
---------------------------------------------------------------------------------
---------------------------------------------------------------------------------
Finished RTL Optimization Phase 2 : Time (s): cpu = 00:00:20 ; elapsed = 00:00:20 . Memory (MB): peak = 1260.766 ; gain = 0.000
---------------------------------------------------------------------------------
---------------------------------------------------------------------------------
Start RTL Component Statistics 
---------------------------------------------------------------------------------
---------------------------------------------------------------------------------
Finished RTL Component Statistics 
---------------------------------------------------------------------------------
---------------------------------------------------------------------------------
Start Part Resource Summary
---------------------------------------------------------------------------------
Part Resources:
DSPs: 80 (col length:40)
BRAMs: 120 (col length: RAMB18 40 RAMB36 20)
---------------------------------------------------------------------------------
Finished Part Resource Summary
---------------------------------------------------------------------------------
---------------------------------------------------------------------------------
Start Cross Boundary and Area Optimization
---------------------------------------------------------------------------------
WARNING: [Synth 8-7080] Parallel synthesis criteria is not met
---------------------------------------------------------------------------------
Finished Cross Boundary and Area Optimization : Time (s): cpu = 00:00:21 ; elapsed = 00:00:22 . Memory (MB): peak = 1260.766 ; gain = 0.000
---------------------------------------------------------------------------------
---------------------------------------------------------------------------------
Start Applying XDC Timing Constraints
---------------------------------------------------------------------------------
---------------------------------------------------------------------------------
Finished Applying XDC Timing Constraints : Time (s): cpu = 00:00:30 ; elapsed = 00:00:31 . Memory (MB): peak = 1260.766 ; gain = 0.000
---------------------------------------------------------------------------------
---------------------------------------------------------------------------------
Start Timing Optimization
---------------------------------------------------------------------------------
---------------------------------------------------------------------------------
Finished Timing Optimization : Time (s): cpu = 00:00:31 ; elapsed = 00:00:31 . Memory (MB): peak = 1260.766 ; gain = 0.000
---------------------------------------------------------------------------------
---------------------------------------------------------------------------------
Start Technology Mapping
---------------------------------------------------------------------------------
---------------------------------------------------------------------------------
Finished Technology Mapping : Time (s): cpu = 00:00:31 ; elapsed = 00:00:32 . Memory (MB): peak = 1271.832 ; gain = 11.066
---------------------------------------------------------------------------------
---------------------------------------------------------------------------------
Start IO Insertion
---------------------------------------------------------------------------------
---------------------------------------------------------------------------------
Start Flattening Before IO Insertion
---------------------------------------------------------------------------------
---------------------------------------------------------------------------------
Finished Flattening Before IO Insertion
---------------------------------------------------------------------------------
---------------------------------------------------------------------------------
Start Final Netlist Cleanup
---------------------------------------------------------------------------------
---------------------------------------------------------------------------------
Finished Final Netlist Cleanup
---------------------------------------------------------------------------------
---------------------------------------------------------------------------------
Finished IO Insertion : Time (s): cpu = 00:00:36 ; elapsed = 00:00:37 . Memory (MB): peak = 1277.109 ; gain = 16.344
---------------------------------------------------------------------------------
---------------------------------------------------------------------------------
Start Renaming Generated Instances
---------------------------------------------------------------------------------
---------------------------------------------------------------------------------
Finished Renaming Generated Instances : Time (s): cpu = 00:00:36 ; elapsed = 00:00:37 . Memory (MB): peak = 1277.109 ; gain = 16.344
---------------------------------------------------------------------------------
---------------------------------------------------------------------------------
Start Rebuilding User Hierarchy
---------------------------------------------------------------------------------
---------------------------------------------------------------------------------
Finished Rebuilding User Hierarchy : Time (s): cpu = 00:00:36 ; elapsed = 00:00:37 . Memory (MB): peak = 1277.109 ; gain = 16.344
---------------------------------------------------------------------------------
---------------------------------------------------------------------------------
Start Renaming Generated Ports
---------------------------------------------------------------------------------
---------------------------------------------------------------------------------
Finished Renaming Generated Ports : Time (s): cpu = 00:00:36 ; elapsed = 00:00:37 . Memory (MB): peak = 1277.109 ; gain = 16.344
---------------------------------------------------------------------------------
---------------------------------------------------------------------------------
Start Handling Custom Attributes
---------------------------------------------------------------------------------
---------------------------------------------------------------------------------
Finished Handling Custom Attributes : Time (s): cpu = 00:00:36 ; elapsed = 00:00:37 . Memory (MB): peak = 1277.129 ; gain = 16.363
---------------------------------------------------------------------------------
---------------------------------------------------------------------------------
Start Renaming Generated Nets
---------------------------------------------------------------------------------
---------------------------------------------------------------------------------
Finished Renaming Generated Nets : Time (s): cpu = 00:00:36 ; elapsed = 00:00:37 . Memory (MB): peak = 1277.129 ; gain = 16.363
---------------------------------------------------------------------------------
---------------------------------------------------------------------------------
Start Writing Synthesis Report
---------------------------------------------------------------------------------

Report BlackBoxes: 
+-+--------------+----------+
| |BlackBox name |Instances |
+-+--------------+----------+
+-+--------------+----------+

Report Cell Usage: 
+------+---------+------+
|      |Cell     |Count |
+------+---------+------+
|1     |DSP48E1  |     3|
|2     |LUT1     |     1|
|3     |LUT2     |    21|
|4     |LUT3     |    15|
|5     |LUT5     |     3|
|6     |RAMB18E1 |     1|
|7     |FDRE     |   194|
+------+---------+------+
---------------------------------------------------------------------------------
Finished Writing Synthesis Report : Time (s): cpu = 00:00:36 ; elapsed = 00:00:37 . Memory (MB): peak = 1277.129 ; gain = 16.363
---------------------------------------------------------------------------------
Synthesis finished with 0 errors, 0 critical warnings and 21 warnings.
Synthesis Optimization Runtime : Time (s): cpu = 00:00:22 ; elapsed = 00:00:35 . Memory (MB): peak = 1277.129 ; gain = 16.363
Synthesis Optimization Complete : Time (s): cpu = 00:00:36 ; elapsed = 00:00:37 . Memory (MB): peak = 1277.129 ; gain = 16.363
INFO: [Project 1-571] Translating synthesized netlist
Netlist sorting complete. Time (s): cpu = 00:00:00 ; elapsed = 00:00:00.012 . Memory (MB): peak = 1277.129 ; gain = 0.000
INFO: [Netlist 29-17] Analyzing 4 Unisim elements for replacement
INFO: [Netlist 29-28] Unisim Transformation completed in 0 CPU seconds
INFO: [Project 1-570] Preparing netlist for logic optimization
INFO: [Opt 31-138] Pushed 0 inverter(s) to 0 load pin(s).
Netlist sorting complete. Time (s): cpu = 00:00:00 ; elapsed = 00:00:00 . Memory (MB): peak = 1300.047 ; gain = 0.000
INFO: [Project 1-111] Unisim Transformation Summary:
No Unisim elements were transformed.

Synth Design complete, checksum: bf2816c9
INFO: [Common 17-83] Releasing license: Synthesis
20 Infos, 108 Warnings, 0 Critical Warnings and 0 Errors encountered.
synth_design completed successfully
synth_design: Time (s): cpu = 00:00:40 ; elapsed = 00:00:42 . Memory (MB): peak = 1300.047 ; gain = 39.281
INFO: [Common 17-1381] The checkpoint 'C:/dev/FPGA/PQM_gen/PQM_CORE.runs/dds_lut_25x16_synth_1/dds_lut_25x16.dcp' has been generated.
INFO: [Coretcl 2-1648] Added synthesis output to IP cache for IP dds_lut_25x16, cache-ID = 24c3e0891a8046b5
INFO: [Coretcl 2-1174] Renamed 26 cell refs.
INFO: [Common 17-1381] The checkpoint 'C:/dev/FPGA/PQM_gen/PQM_CORE.runs/dds_lut_25x16_synth_1/dds_lut_25x16.dcp' has been generated.
INFO: [runtcl-4] Executing : report_utilization -file dds_lut_25x16_utilization_synth.rpt -pb dds_lut_25x16_utilization_synth.pb
INFO: [Common 17-206] Exiting Vivado at Mon Apr  4 19:39:54 2022...
